2024-06-30 22:06:562 INFO  BankManagerLoginPage :18 - click on login [[ChromeDriver: chrome on windows (931611515aa16d9c419e3b25e83df133)] -> xpath: //button[contains(text(),'Bank Manager Login')]]
2024-06-30 22:06:50 INFO  AddCustomerPage :19 - click on add customer[[ChromeDriver: chrome on windows (931611515aa16d9c419e3b25e83df133)] -> xpath: //body/div[1]/div[1]/div[2]/div[1]/div[1]/button[1]]
2024-06-30 22:06:599 INFO  AddCustomerPage :29 - click on add name[[ChromeDriver: chrome on windows (931611515aa16d9c419e3b25e83df133)] -> xpath: //body/div[1]/div[1]/div[2]/div[1]/div[2]/div[1]/div[1]/form[1]/div[1]/input[1]]
2024-06-30 22:06:736 INFO  AddCustomerPage :39 - click on add name[[ChromeDriver: chrome on windows (931611515aa16d9c419e3b25e83df133)] -> xpath: //body/div[1]/div[1]/div[2]/div[1]/div[2]/div[1]/div[1]/form[1]/div[2]/input[1]]
2024-06-30 22:06:874 INFO  AddCustomerPage :49 - click on add postcode[[ChromeDriver: chrome on windows (931611515aa16d9c419e3b25e83df133)] -> xpath: //body/div[1]/div[1]/div[2]/div[1]/div[2]/div[1]/div[1]/form[1]/div[3]/input[1]]
2024-06-30 22:06:975 INFO  AddCustomerPage :59 - click on add button [[ChromeDriver: chrome on windows (931611515aa16d9c419e3b25e83df133)] -> xpath: //body/div[1]/div[1]/div[2]/div[1]/div[2]/div[1]/div[1]/form[1]/button[1]]
2024-06-30 22:06:719 INFO  BankManagerLoginPage :18 - click on login [[ChromeDriver: chrome on windows (13739a93f36dc038d4c16704140e67bb)] -> xpath: //button[contains(text(),'Bank Manager Login')]]
2024-06-30 22:06:269 INFO  AddCustomerPage :19 - click on add customer[[ChromeDriver: chrome on windows (13739a93f36dc038d4c16704140e67bb)] -> xpath: //body/div[1]/div[1]/div[2]/div[1]/div[1]/button[1]]
2024-06-30 22:06:929 INFO  AddCustomerPage :29 - click on add name[[ChromeDriver: chrome on windows (13739a93f36dc038d4c16704140e67bb)] -> xpath: //body/div[1]/div[1]/div[2]/div[1]/div[2]/div[1]/div[1]/form[1]/div[1]/input[1]]
2024-06-30 22:06:100 INFO  AddCustomerPage :39 - click on add name[[ChromeDriver: chrome on windows (13739a93f36dc038d4c16704140e67bb)] -> xpath: //body/div[1]/div[1]/div[2]/div[1]/div[2]/div[1]/div[1]/form[1]/div[2]/input[1]]
2024-06-30 22:06:296 INFO  AddCustomerPage :49 - click on add postcode[[ChromeDriver: chrome on windows (13739a93f36dc038d4c16704140e67bb)] -> xpath: //body/div[1]/div[1]/div[2]/div[1]/div[2]/div[1]/div[1]/form[1]/div[3]/input[1]]
2024-06-30 22:06:409 INFO  AddCustomerPage :59 - click on add button [[ChromeDriver: chrome on windows (13739a93f36dc038d4c16704140e67bb)] -> xpath: //body/div[1]/div[1]/div[2]/div[1]/div[2]/div[1]/div[1]/form[1]/button[1]]
2024-06-30 22:06:286 INFO  CustomerLoginPage :18 - click on customer[[ChromeDriver: chrome on windows (ac3607b20209f74da8a51879b2cc9a04)] -> xpath: //button[contains(text(),'Customer Login')]]
2024-06-30 22:06:973 INFO  CustomerLoginPage :28 - search customer[[ChromeDriver: chrome on windows (ac3607b20209f74da8a51879b2cc9a04)] -> xpath: //select[@id='userSelect']]
2024-06-30 22:06:141 INFO  CustomerLoginPage :38 - click on login [[ChromeDriver: chrome on windows (ac3607b20209f74da8a51879b2cc9a04)] -> xpath: //button[contains(text(),'Login')]]
2024-06-30 22:06:176 INFO  CustomerLoginPage :47 - verify logout [[ChromeDriver: chrome on windows (ac3607b20209f74da8a51879b2cc9a04)] -> xpath: //button[contains(text(),'Logout')]]
2024-06-30 22:06:687 INFO  CustomerLoginPage :58 - click on logout [[ChromeDriver: chrome on windows (ac3607b20209f74da8a51879b2cc9a04)] -> xpath: //button[contains(text(),'Logout')]]
2024-06-30 22:06:758 INFO  CustomerLoginPage :68 - verify name [[ChromeDriver: chrome on windows (ac3607b20209f74da8a51879b2cc9a04)] -> xpath: //label[contains(text(),'Your Name :')]]
2024-06-30 23:06:859 INFO  CustomerLoginPage :18 - click on customer[[ChromeDriver: chrome on windows (c6c8c85df970b391ab6fdc4191f88009)] -> xpath: //button[contains(text(),'Customer Login')]]
2024-06-30 23:06:580 INFO  CustomerLoginPage :28 - search customer[[ChromeDriver: chrome on windows (c6c8c85df970b391ab6fdc4191f88009)] -> xpath: //select[@id='userSelect']]
2024-06-30 23:06:731 INFO  CustomerLoginPage :38 - click on login [[ChromeDriver: chrome on windows (c6c8c85df970b391ab6fdc4191f88009)] -> xpath: //button[contains(text(),'Login')]]
2024-06-30 23:06:262 INFO  AccountPage :36 - click on deoposit[[ChromeDriver: chrome on windows (c6c8c85df970b391ab6fdc4191f88009)] -> xpath: //div[@ng-hide='noAccount']//button[2]]
2024-06-30 23:06:852 INFO  AccountPage :42 - click on deoposit[[ChromeDriver: chrome on windows (c6c8c85df970b391ab6fdc4191f88009)] -> xpath: //div[@ng-hide='noAccount']//button[2]]
2024-06-30 23:06:14 INFO  AccountPage :48 - click on deoposit[[ChromeDriver: chrome on windows (c6c8c85df970b391ab6fdc4191f88009)] -> xpath: //div[@ng-hide='noAccount']//button[2]]
2024-06-30 23:06:36 INFO  AccountPage :86 - verify transaction [[ChromeDriver: chrome on windows (c6c8c85df970b391ab6fdc4191f88009)] -> xpath: //span[contains(text(),'Deposit Successful')]]
2024-06-30 23:06:265 INFO  CustomerLoginPage :28 - search customer[[ChromeDriver: chrome on windows (5c721d3c558e59b906e97a9768f8b452)] -> xpath: //select[@id='userSelect']]
2024-06-30 23:06:392 INFO  CustomerLoginPage :38 - click on login [[ChromeDriver: chrome on windows (5c721d3c558e59b906e97a9768f8b452)] -> xpath: //button[contains(text(),'Login')]]
2024-06-30 23:06:926 INFO  AccountPage :54 - click on deoposit[[ChromeDriver: chrome on windows (5c721d3c558e59b906e97a9768f8b452)] -> xpath: //div[@ng-hide='noAccount']//button[2]]
2024-06-30 23:06:439 INFO  AccountPage :64 - withdraw amount [[ChromeDriver: chrome on windows (5c721d3c558e59b906e97a9768f8b452)] -> tag name: input]
2024-06-30 23:06:542 INFO  AccountPage :76 - click on withdraw[[ChromeDriver: chrome on windows (5c721d3c558e59b906e97a9768f8b452)] -> xpath: //body/div[1]/div[1]/div[2]/div[1]/div[4]/div[1]/form[1]/button[1]]
2024-06-30 23:06:572 INFO  AccountPage :96 - verify transaction [[ChromeDriver: chrome on windows (5c721d3c558e59b906e97a9768f8b452)] -> xpath: //span[contains(text(),'Transaction successful')]]
